<html>
<head>
<title>TestNG:  Upgrade Loan UI Test Client</title>
<link href="../testng.css" rel="stylesheet" type="text/css" />
<link href="../my-testng.css" rel="stylesheet" type="text/css" />

<style type="text/css">
.log { display: none;} 
.stack-trace { display: none;} 
</style>
<script type="text/javascript">
<!--
function flip(e) {
  current = e.style.display;
  if (current == 'block') {
    e.style.display = 'none';
    return 0;
  }
  else {
    e.style.display = 'block';
    return 1;
  }
}

function toggleBox(szDivId, elem, msg1, msg2)
{
  var res = -1;  if (document.getElementById) {
    res = flip(document.getElementById(szDivId));
  }
  else if (document.all) {
    // this is the way old msie versions work
    res = flip(document.all[szDivId]);
  }
  if(elem) {
    if(res == 0) elem.innerHTML = msg1; else elem.innerHTML = msg2;
  }

}

function toggleAllBoxes() {
  if (document.getElementsByTagName) {
    d = document.getElementsByTagName('div');
    for (i = 0; i < d.length; i++) {
      if (d[i].className == 'log') {
        flip(d[i]);
      }
    }
  }
}

// -->
</script>

</head>
<body>
<h2 align='center'>Upgrade Loan UI Test Client</h2><table border='1' align="center">
<tr>
<td>Tests passed/Failed/Skipped:</td><td>4/3/0</td>
</tr><tr>
<td>Started on:</td><td>Tue Sep 24 21:40:53 EDT 2019</td>
</tr>
<tr><td>Total time:</td><td>101 seconds (101239 ms)</td>
</tr><tr>
<td>Included groups:</td><td></td>
</tr><tr>
<td>Excluded groups:</td><td></td>
</tr>
</table><p/>
<small><i>(Hover the method name to see the test class name)</i></small><p/>
<table width='100%' border='1' class='invocation-failed'>
<tr><td colspan='4' align='center'><b>FAILED TESTS</b></td></tr>
<tr><td><b>Test method</b></td>
<td width="30%"><b>Exception</b></td>
<td width="10%"><b>Time (seconds)</b></td>
<td><b>Instance</b></td>
</tr>
<tr>
<td title='com.upgrade.qa.testcases.InformationPageTest.clickOnCheckYourRateBtn()'><b>clickOnCheckYourRateBtn</b><br>Test class: com.upgrade.qa.testcases.InformationPageTest<br>Parameters: tom, hackens, 2345 Crystal Drive, Arlington, VA, 22202.0, 04/01/2010, 180,00, 8000.0, tom209@upgrade-challenge.com, Random13</td>
<td><div><pre>java.lang.Exception: DOB entered is not within valid range!!
	at com.upgrade.qa.testcases.InformationPageTest.clickOnCheckYourRateBtn(InformationPageTest.java:77)
... Removed 25 stack frames</pre></div><a href='#' onClick='toggleBox("stack-trace1829496747", this, "Click to show all stack frames", "Click to hide stack frames")'>Click to show all stack frames</a>
<div class='stack-trace' id='stack-trace1829496747'><pre>java.lang.Exception: DOB entered is not within valid range!!
	at com.upgrade.qa.testcases.InformationPageTest.clickOnCheckYourRateBtn(InformationPageTest.java:77)
	at java.base/jdk.internal.reflect.NativeMethodAccessorImpl.invoke0(Native Method)
	at java.base/jdk.internal.reflect.NativeMethodAccessorImpl.invoke(NativeMethodAccessorImpl.java:62)
	at java.base/jdk.internal.reflect.DelegatingMethodAccessorImpl.invoke(DelegatingMethodAccessorImpl.java:43)
	at java.base/java.lang.reflect.Method.invoke(Method.java:566)
	at org.testng.internal.MethodInvocationHelper.invokeMethod(MethodInvocationHelper.java:108)
	at org.testng.internal.Invoker.invokeMethod(Invoker.java:661)
	at org.testng.internal.Invoker.invokeTestMethod(Invoker.java:869)
	at org.testng.internal.Invoker.invokeTestMethods(Invoker.java:1193)
	at org.testng.internal.TestMethodWorker.invokeTestMethods(TestMethodWorker.java:126)
	at org.testng.internal.TestMethodWorker.run(TestMethodWorker.java:109)
	at org.testng.TestRunner.privateRun(TestRunner.java:744)
	at org.testng.TestRunner.run(TestRunner.java:602)
	at org.testng.SuiteRunner.runTest(SuiteRunner.java:380)
	at org.testng.SuiteRunner.runSequentially(SuiteRunner.java:375)
	at org.testng.SuiteRunner.privateRun(SuiteRunner.java:340)
	at org.testng.SuiteRunner.run(SuiteRunner.java:289)
	at org.testng.SuiteRunnerWorker.runSuite(SuiteRunnerWorker.java:52)
	at org.testng.SuiteRunnerWorker.run(SuiteRunnerWorker.java:86)
	at org.testng.TestNG.runSuitesSequentially(TestNG.java:1301)
	at org.testng.TestNG.runSuitesLocally(TestNG.java:1226)
	at org.testng.TestNG.runSuites(TestNG.java:1144)
	at org.testng.TestNG.run(TestNG.java:1115)
	at org.testng.remote.AbstractRemoteTestNG.run(AbstractRemoteTestNG.java:115)
	at org.testng.remote.RemoteTestNG.initAndRun(RemoteTestNG.java:251)
	at org.testng.remote.RemoteTestNG.main(RemoteTestNG.java:77)
</pre></div></td>
<td>5</td>
<td>com.upgrade.qa.testcases.InformationPageTest@3232a28a</td></tr>
<tr>
<td title='com.upgrade.qa.testcases.LoginPageTest.clickSignIn()'><b>clickSignIn</b><br>Test class: com.upgrade.qa.testcases.LoginPageTest<br>Parameters: tom, hackens, 2345 Crystal Drive, Arlington, VA, 22202.0, 04/01/2010, 180,00, 8000.0, tom209@upgrade-challenge.com, Random13</td>
<td><div><pre>java.lang.Exception: DOB entered is not within valid range!!
	at com.upgrade.qa.testcases.LoginPageTest.clickSignIn(LoginPageTest.java:84)
... Removed 25 stack frames</pre></div><a href='#' onClick='toggleBox("stack-trace564424689", this, "Click to show all stack frames", "Click to hide stack frames")'>Click to show all stack frames</a>
<div class='stack-trace' id='stack-trace564424689'><pre>java.lang.Exception: DOB entered is not within valid range!!
	at com.upgrade.qa.testcases.LoginPageTest.clickSignIn(LoginPageTest.java:84)
	at java.base/jdk.internal.reflect.NativeMethodAccessorImpl.invoke0(Native Method)
	at java.base/jdk.internal.reflect.NativeMethodAccessorImpl.invoke(NativeMethodAccessorImpl.java:62)
	at java.base/jdk.internal.reflect.DelegatingMethodAccessorImpl.invoke(DelegatingMethodAccessorImpl.java:43)
	at java.base/java.lang.reflect.Method.invoke(Method.java:566)
	at org.testng.internal.MethodInvocationHelper.invokeMethod(MethodInvocationHelper.java:108)
	at org.testng.internal.Invoker.invokeMethod(Invoker.java:661)
	at org.testng.internal.Invoker.invokeTestMethod(Invoker.java:869)
	at org.testng.internal.Invoker.invokeTestMethods(Invoker.java:1193)
	at org.testng.internal.TestMethodWorker.invokeTestMethods(TestMethodWorker.java:126)
	at org.testng.internal.TestMethodWorker.run(TestMethodWorker.java:109)
	at org.testng.TestRunner.privateRun(TestRunner.java:744)
	at org.testng.TestRunner.run(TestRunner.java:602)
	at org.testng.SuiteRunner.runTest(SuiteRunner.java:380)
	at org.testng.SuiteRunner.runSequentially(SuiteRunner.java:375)
	at org.testng.SuiteRunner.privateRun(SuiteRunner.java:340)
	at org.testng.SuiteRunner.run(SuiteRunner.java:289)
	at org.testng.SuiteRunnerWorker.runSuite(SuiteRunnerWorker.java:52)
	at org.testng.SuiteRunnerWorker.run(SuiteRunnerWorker.java:86)
	at org.testng.TestNG.runSuitesSequentially(TestNG.java:1301)
	at org.testng.TestNG.runSuitesLocally(TestNG.java:1226)
	at org.testng.TestNG.runSuites(TestNG.java:1144)
	at org.testng.TestNG.run(TestNG.java:1115)
	at org.testng.remote.AbstractRemoteTestNG.run(AbstractRemoteTestNG.java:115)
	at org.testng.remote.RemoteTestNG.initAndRun(RemoteTestNG.java:251)
	at org.testng.remote.RemoteTestNG.main(RemoteTestNG.java:77)
</pre></div></td>
<td>5</td>
<td>com.upgrade.qa.testcases.LoginPageTest@73e22a3d</td></tr>
<tr>
<td title='com.upgrade.qa.testcases.OfferPageTest.clickSignOut()'><b>clickSignOut</b><br>Test class: com.upgrade.qa.testcases.OfferPageTest<br>Parameters: tom, hackens, 2345 Crystal Drive, Arlington, VA, 22202.0, 04/01/2010, 180,00, 8000.0, tom209@upgrade-challenge.com, Random13</td>
<td><div><pre>java.lang.Exception: DOB entered is not within valid range!!
	at com.upgrade.qa.testcases.OfferPageTest.clickSignOut(OfferPageTest.java:82)
... Removed 25 stack frames</pre></div><a href='#' onClick='toggleBox("stack-trace527464124", this, "Click to show all stack frames", "Click to hide stack frames")'>Click to show all stack frames</a>
<div class='stack-trace' id='stack-trace527464124'><pre>java.lang.Exception: DOB entered is not within valid range!!
	at com.upgrade.qa.testcases.OfferPageTest.clickSignOut(OfferPageTest.java:82)
	at java.base/jdk.internal.reflect.NativeMethodAccessorImpl.invoke0(Native Method)
	at java.base/jdk.internal.reflect.NativeMethodAccessorImpl.invoke(NativeMethodAccessorImpl.java:62)
	at java.base/jdk.internal.reflect.DelegatingMethodAccessorImpl.invoke(DelegatingMethodAccessorImpl.java:43)
	at java.base/java.lang.reflect.Method.invoke(Method.java:566)
	at org.testng.internal.MethodInvocationHelper.invokeMethod(MethodInvocationHelper.java:108)
	at org.testng.internal.Invoker.invokeMethod(Invoker.java:661)
	at org.testng.internal.Invoker.invokeTestMethod(Invoker.java:869)
	at org.testng.internal.Invoker.invokeTestMethods(Invoker.java:1193)
	at org.testng.internal.TestMethodWorker.invokeTestMethods(TestMethodWorker.java:126)
	at org.testng.internal.TestMethodWorker.run(TestMethodWorker.java:109)
	at org.testng.TestRunner.privateRun(TestRunner.java:744)
	at org.testng.TestRunner.run(TestRunner.java:602)
	at org.testng.SuiteRunner.runTest(SuiteRunner.java:380)
	at org.testng.SuiteRunner.runSequentially(SuiteRunner.java:375)
	at org.testng.SuiteRunner.privateRun(SuiteRunner.java:340)
	at org.testng.SuiteRunner.run(SuiteRunner.java:289)
	at org.testng.SuiteRunnerWorker.runSuite(SuiteRunnerWorker.java:52)
	at org.testng.SuiteRunnerWorker.run(SuiteRunnerWorker.java:86)
	at org.testng.TestNG.runSuitesSequentially(TestNG.java:1301)
	at org.testng.TestNG.runSuitesLocally(TestNG.java:1226)
	at org.testng.TestNG.runSuites(TestNG.java:1144)
	at org.testng.TestNG.run(TestNG.java:1115)
	at org.testng.remote.AbstractRemoteTestNG.run(AbstractRemoteTestNG.java:115)
	at org.testng.remote.RemoteTestNG.initAndRun(RemoteTestNG.java:251)
	at org.testng.remote.RemoteTestNG.main(RemoteTestNG.java:77)
</pre></div></td>
<td>5</td>
<td>com.upgrade.qa.testcases.OfferPageTest@7133da86</td></tr>
</table><p>
<table width='100%' border='1' class='invocation-passed'>
<tr><td colspan='4' align='center'><b>PASSED TESTS</b></td></tr>
<tr><td><b>Test method</b></td>
<td width="30%"><b>Exception</b></td>
<td width="10%"><b>Time (seconds)</b></td>
<td><b>Instance</b></td>
</tr>
<tr>
<td title='com.upgrade.qa.testcases.StartPageTest.checkYouRate()'><b>checkYouRate</b><br>Test class: com.upgrade.qa.testcases.StartPageTest</td>
<td></td>
<td>3</td>
<td>com.upgrade.qa.testcases.StartPageTest@4d0f2471</td></tr>
<tr>
<td title='com.upgrade.qa.testcases.InformationPageTest.clickOnCheckYourRateBtn()'><b>clickOnCheckYourRateBtn</b><br>Test class: com.upgrade.qa.testcases.InformationPageTest<br>Parameters: johny, Snow, Golden Street, Lititz, PA, 17543.0, 01/04/1992, 170000.0, 7000.0, alekhya19@upgrade-challenge.com, Randon12</td>
<td></td>
<td>5</td>
<td>com.upgrade.qa.testcases.InformationPageTest@3232a28a</td></tr>
<tr>
<td title='com.upgrade.qa.testcases.LoginPageTest.clickSignIn()'><b>clickSignIn</b><br>Test class: com.upgrade.qa.testcases.LoginPageTest<br>Parameters: johny, Snow, Golden Street, Lititz, PA, 17543.0, 01/04/1992, 170000.0, 7000.0, alekhya19@upgrade-challenge.com, Randon12</td>
<td></td>
<td>14</td>
<td>com.upgrade.qa.testcases.LoginPageTest@73e22a3d</td></tr>
<tr>
<td title='com.upgrade.qa.testcases.OfferPageTest.clickSignOut()'><b>clickSignOut</b><br>Test class: com.upgrade.qa.testcases.OfferPageTest<br>Parameters: johny, Snow, Golden Street, Lititz, PA, 17543.0, 01/04/1992, 170000.0, 7000.0, alekhya19@upgrade-challenge.com, Randon12</td>
<td></td>
<td>10</td>
<td>com.upgrade.qa.testcases.OfferPageTest@7133da86</td></tr>
</table><p>
</body>
</html>